# JRE version: OpenJDK Runtime Environment (8.0_242-b01) (build 1.8.0_242-release-1644-b01)
# Java VM: OpenJDK 64-Bit Server VM (25.242-b01 mixed mode windows-amd64 compressed oops)
Heap:
 PSYoungGen      total 591872K, used 16606K [0x00000000d5580000, 0x0000000100000000, 0x0000000100000000)
  eden space 526848K, 0% used [0x00000000d5580000,0x00000000d5580000,0x00000000f5800000)
  from space 65024K, 25% used [0x00000000fc080000,0x00000000fd0b7998,0x0000000100000000)
  to   space 86016K, 0% used [0x00000000f5800000,0x00000000f5800000,0x00000000fac00000)
 ParOldGen       total 242688K, used 215507K [0x0000000080000000, 0x000000008ed00000, 0x00000000d5580000)
  object space 242688K, 88% used [0x0000000080000000,0x000000008d274c60,0x000000008ed00000)
 Metaspace       used 156073K, capacity 163149K, committed 163276K, reserved 1191936K
  class space    used 19756K, capacity 21133K, committed 21248K, reserved 1048576K
GC Heap History (10 events):
Event: 7033.924 GC heap after
Heap after GC invocations=55 (full 5):
 PSYoungGen      total 648704K, used 6630K [0x00000000d5580000, 0x00000000ffa80000, 0x0000000100000000)
  eden space 603136K, 0% used [0x00000000d5580000,0x00000000d5580000,0x00000000fa280000)
  from space 45568K, 14% used [0x00000000fce00000,0x00000000fd479888,0x00000000ffa80000)
  to   space 44544K, 0% used [0x00000000fa280000,0x00000000fa280000,0x00000000fce00000)
 ParOldGen       total 242688K, used 123973K [0x0000000080000000, 0x000000008ed00000, 0x00000000d5580000)
  object space 242688K, 51% used [0x0000000080000000,0x0000000087911658,0x000000008ed00000)
 Metaspace       used 115198K, capacity 120682K, committed 120780K, reserved 1155072K
  class space    used 14735K, capacity 15786K, committed 15872K, reserved 1048576K
}
Event: 7324.265 GC heap before
{Heap before GC invocations=56 (full 5):
 PSYoungGen      total 648704K, used 607613K [0x00000000d5580000, 0x00000000ffa80000, 0x0000000100000000)
  eden space 603136K, 99% used [0x00000000d5580000,0x00000000fa065e28,0x00000000fa280000)
  from space 45568K, 14% used [0x00000000fce00000,0x00000000fd479888,0x00000000ffa80000)
  to   space 44544K, 0% used [0x00000000fa280000,0x00000000fa280000,0x00000000fce00000)
 ParOldGen       total 242688K, used 123973K [0x0000000080000000, 0x000000008ed00000, 0x00000000d5580000)
  object space 242688K, 51% used [0x0000000080000000,0x0000000087911658,0x000000008ed00000)
 Metaspace       used 116045K, capacity 121752K, committed 121932K, reserved 1155072K
  class space    used 14813K, capacity 15919K, committed 16000K, reserved 1048576K
Event: 7324.465 GC heap after
Heap after GC invocations=56 (full 5):
 PSYoungGen      total 645120K, used 41882K [0x00000000d5580000, 0x0000000100000000, 0x0000000100000000)
  eden space 603136K, 0% used [0x00000000d5580000,0x00000000d5580000,0x00000000fa280000)
  from space 41984K, 99% used [0x00000000fa280000,0x00000000fcb66bd8,0x00000000fcb80000)
  to   space 52224K, 0% used [0x00000000fcd00000,0x00000000fcd00000,0x0000000100000000)
 ParOldGen       total 242688K, used 124315K [0x0000000080000000, 0x000000008ed00000, 0x00000000d5580000)
  object space 242688K, 51% used [0x0000000080000000,0x0000000087966fd8,0x000000008ed00000)
 Metaspace       used 116045K, capacity 121752K, committed 121932K, reserved 1155072K
  class space    used 14813K, capacity 15919K, committed 16000K, reserved 1048576K
}
Event: 7372.313 GC heap before
{Heap before GC invocations=57 (full 5):
 PSYoungGen      total 645120K, used 645018K [0x00000000d5580000, 0x0000000100000000, 0x0000000100000000)
  eden space 603136K, 100% used [0x00000000d5580000,0x00000000fa280000,0x00000000fa280000)
  from space 41984K, 99% used [0x00000000fa280000,0x00000000fcb66bd8,0x00000000fcb80000)
  to   space 52224K, 0% used [0x00000000fcd00000,0x00000000fcd00000,0x0000000100000000)
 ParOldGen       total 242688K, used 124315K [0x0000000080000000, 0x000000008ed00000, 0x00000000d5580000)
  object space 242688K, 51% used [0x0000000080000000,0x0000000087966fd8,0x000000008ed00000)
 Metaspace       used 146879K, capacity 153679K, committed 153804K, reserved 1183744K
  class space    used 18808K, capacity 20129K, committed 20224K, reserved 1048576K
Event: 7372.449 GC heap after
Heap after GC invocations=57 (full 5):
 PSYoungGen      total 621056K, used 52194K [0x00000000d5580000, 0x0000000100000000, 0x0000000100000000)
  eden space 568832K, 0% used [0x00000000d5580000,0x00000000d5580000,0x00000000f8100000)
  from space 52224K, 99% used [0x00000000fcd00000,0x00000000ffff8b88,0x0000000100000000)
  to   space 65024K, 0% used [0x00000000f8100000,0x00000000f8100000,0x00000000fc080000)
 ParOldGen       total 242688K, used 132540K [0x0000000080000000, 0x000000008ed00000, 0x00000000d5580000)
  object space 242688K, 54% used [0x0000000080000000,0x000000008816f2b8,0x000000008ed00000)
 Metaspace       used 146879K, capacity 153679K, committed 153804K, reserved 1183744K
  class space    used 18808K, capacity 20129K, committed 20224K, reserved 1048576K
}
Event: 7396.172 GC heap before
{Heap before GC invocations=58 (full 5):
 PSYoungGen      total 621056K, used 621026K [0x00000000d5580000, 0x0000000100000000, 0x0000000100000000)
  eden space 568832K, 100% used [0x00000000d5580000,0x00000000f8100000,0x00000000f8100000)
  from space 52224K, 99% used [0x00000000fcd00000,0x00000000ffff8b88,0x0000000100000000)
  to   space 65024K, 0% used [0x00000000f8100000,0x00000000f8100000,0x00000000fc080000)
 ParOldGen       total 242688K, used 132540K [0x0000000080000000, 0x000000008ed00000, 0x00000000d5580000)
  object space 242688K, 54% used [0x0000000080000000,0x000000008816f2b8,0x000000008ed00000)
 Metaspace       used 156002K, capacity 163069K, committed 163276K, reserved 1191936K
  class space    used 19753K, capacity 21129K, committed 21248K, reserved 1048576K
Event: 7396.594 GC heap after
Heap after GC invocations=58 (full 5):
 PSYoungGen      total 633856K, used 64998K [0x00000000d5580000, 0x0000000100000000, 0x0000000100000000)
  eden space 568832K, 0% used [0x00000000d5580000,0x00000000d5580000,0x00000000f8100000)
  from space 65024K, 99% used [0x00000000f8100000,0x00000000fc079810,0x00000000fc080000)
  to   space 65024K, 0% used [0x00000000fc080000,0x00000000fc080000,0x0000000100000000)
 ParOldGen       total 242688K, used 168838K [0x0000000080000000, 0x000000008ed00000, 0x00000000d5580000)
  object space 242688K, 69% used [0x0000000080000000,0x000000008a4e18e8,0x000000008ed00000)
 Metaspace       used 156002K, capacity 163069K, committed 163276K, reserved 1191936K
  class space    used 19753K, capacity 21129K, committed 21248K, reserved 1048576K
}
Event: 7403.295 GC heap before
{Heap before GC invocations=59 (full 5):
 PSYoungGen      total 633856K, used 633830K [0x00000000d5580000, 0x0000000100000000, 0x0000000100000000)
  eden space 568832K, 100% used [0x00000000d5580000,0x00000000f8100000,0x00000000f8100000)
  from space 65024K, 99% used [0x00000000f8100000,0x00000000fc079810,0x00000000fc080000)
  to   space 65024K, 0% used [0x00000000fc080000,0x00000000fc080000,0x0000000100000000)
 ParOldGen       total 242688K, used 168838K [0x0000000080000000, 0x000000008ed00000, 0x00000000d5580000)
  object space 242688K, 69% used [0x0000000080000000,0x000000008a4e18e8,0x000000008ed00000)
 Metaspace       used 156073K, capacity 163149K, committed 163276K, reserved 1191936K
  class space    used 19756K, capacity 21133K, committed 21248K, reserved 1048576K
Event: 7403.517 GC heap after
Heap after GC invocations=59 (full 5):
 PSYoungGen      total 591872K, used 16606K [0x00000000d5580000, 0x0000000100000000, 0x0000000100000000)
  eden space 526848K, 0% used [0x00000000d5580000,0x00000000d5580000,0x00000000f5800000)
  from space 65024K, 25% used [0x00000000fc080000,0x00000000fd0b7998,0x0000000100000000)
  to   space 86016K, 0% used [0x00000000f5800000,0x00000000f5800000,0x00000000fac00000)
 ParOldGen       total 242688K, used 215507K [0x0000000080000000, 0x000000008ed00000, 0x00000000d5580000)
  object space 242688K, 88% used [0x0000000080000000,0x000000008d274c60,0x000000008ed00000)
 Metaspace       used 156073K, capacity 163149K, committed 163276K, reserved 1191936K
  class space    used 19756K, capacity 21133K, committed 21248K, reserved 1048576K
}
Event: 7403.518 GC heap before
{Heap before GC invocations=60 (full 6):
 PSYoungGen      total 591872K, used 16606K [0x00000000d5580000, 0x0000000100000000, 0x0000000100000000)
  eden space 526848K, 0% used [0x00000000d5580000,0x00000000d5580000,0x00000000f5800000)
  from space 65024K, 25% used [0x00000000fc080000,0x00000000fd0b7998,0x0000000100000000)
  to   space 86016K, 0% used [0x00000000f5800000,0x00000000f5800000,0x00000000fac00000)
 ParOldGen       total 242688K, used 215507K [0x0000000080000000, 0x000000008ed00000, 0x00000000d5580000)
  object space 242688K, 88% used [0x0000000080000000,0x000000008d274c60,0x000000008ed00000)
 Metaspace       used 156073K, capacity 163149K, committed 163276K, reserved 1191936K
  class space    used 19756K, capacity 21133K, committed 21248K, reserved 1048576K

